<?xml version="1.0" encoding="UTF-8"?>
<!-- Generated by org.testng.reporters.JUnitReportReporter -->
<testsuite skipped="0" hostname="Locs-MacBook-Pro.local" name="com.currentweather.api.TC_API_0003_Get_current_weather_data_with_VALID_CityName_and_StateCode" tests="5" failures="0" timestamp="30 May 2021 15:05:10 GMT" time="1.141" errors="0">
  <testcase name="TC_API_0003_ValidCase__Get_current_data_by_CityName_and_StateCode" time="0.233" classname="com.currentweather.api.TC_API_0003_Get_current_weather_data_with_VALID_CityName_and_StateCode"/>
  <testcase name="TC_API_0003_ValidCase__Get_current_data_by_CityName_and_StateCode" time="0.219" classname="com.currentweather.api.TC_API_0003_Get_current_weather_data_with_VALID_CityName_and_StateCode"/>
  <testcase name="TC_API_0003_ValidCase__Get_current_data_by_CityName_and_StateCode" time="0.218" classname="com.currentweather.api.TC_API_0003_Get_current_weather_data_with_VALID_CityName_and_StateCode"/>
  <testcase name="TC_API_0003_ValidCase__Get_current_data_by_CityName_and_StateCode" time="0.242" classname="com.currentweather.api.TC_API_0003_Get_current_weather_data_with_VALID_CityName_and_StateCode"/>
  <testcase name="TC_API_0003_ValidCase__Get_current_data_by_CityName_and_StateCode" time="0.229" classname="com.currentweather.api.TC_API_0003_Get_current_weather_data_with_VALID_CityName_and_StateCode"/>
</testsuite> <!-- com.currentweather.api.TC_API_0003_Get_current_weather_data_with_VALID_CityName_and_StateCode -->
