<?xml version="1.0" encoding="UTF-8"?>
<!-- Generated by org.testng.reporters.JUnitReportReporter -->
<testsuite skipped="0" hostname="Locs-MacBook-Pro.local" name="com.currentweather.api.TC_API_0001_Get_current_weather_data_with_VALID_CityName" tests="4" failures="0" timestamp="31 May 2021 04:31:02 GMT" time="4.765" errors="0">
  <testcase name="TC_API_0001_Get_current_weather_data_with_VALID_CityName" time="0.392" classname="com.currentweather.api.TC_API_0001_Get_current_weather_data_with_VALID_CityName"/>
  <testcase name="TC_API_0001_Get_current_weather_data_with_VALID_CityName" time="0.263" classname="com.currentweather.api.TC_API_0001_Get_current_weather_data_with_VALID_CityName"/>
  <testcase name="TC_API_0001_Get_current_weather_data_with_VALID_CityName" time="0.264" classname="com.currentweather.api.TC_API_0001_Get_current_weather_data_with_VALID_CityName"/>
  <testcase name="TC_API_0001_Get_current_weather_data_with_VALID_CityName" time="3.846" classname="com.currentweather.api.TC_API_0001_Get_current_weather_data_with_VALID_CityName"/>
</testsuite> <!-- com.currentweather.api.TC_API_0001_Get_current_weather_data_with_VALID_CityName -->
