<?xml version="1.0" encoding="UTF-8"?>
<!-- Generated by org.testng.reporters.JUnitReportReporter -->
<testsuite skipped="0" hostname="Locs-MacBook-Pro.local" name="com.currentweather.api.TC_API_0006_Get_current_weather_data_with_INVALID_CityName_and_StateCode_and_CountryCode" tests="6" failures="0" timestamp="30 May 2021 15:05:10 GMT" time="0.543" errors="0">
  <testcase name="TC_API_0006_InvalidCase__Get_current_data_by_CityName_and_StateCode_and_CountryCode" time="0.102" classname="com.currentweather.api.TC_API_0006_Get_current_weather_data_with_INVALID_CityName_and_StateCode_and_CountryCode"/>
  <testcase name="TC_API_0006_InvalidCase__Get_current_data_by_CityName_and_StateCode_and_CountryCode" time="0.093" classname="com.currentweather.api.TC_API_0006_Get_current_weather_data_with_INVALID_CityName_and_StateCode_and_CountryCode"/>
  <testcase name="TC_API_0006_InvalidCase__Get_current_data_by_CityName_and_StateCode_and_CountryCode" time="0.065" classname="com.currentweather.api.TC_API_0006_Get_current_weather_data_with_INVALID_CityName_and_StateCode_and_CountryCode"/>
  <testcase name="TC_API_0006_InvalidCase__Get_current_data_by_CityName_and_StateCode_and_CountryCode" time="0.093" classname="com.currentweather.api.TC_API_0006_Get_current_weather_data_with_INVALID_CityName_and_StateCode_and_CountryCode"/>
  <testcase name="TC_API_0006_InvalidCase__Get_current_data_by_CityName_and_StateCode_and_CountryCode" time="0.094" classname="com.currentweather.api.TC_API_0006_Get_current_weather_data_with_INVALID_CityName_and_StateCode_and_CountryCode"/>
  <testcase name="TC_API_0006_InvalidCase__Get_current_data_by_CityName_and_StateCode_and_CountryCode" time="0.096" classname="com.currentweather.api.TC_API_0006_Get_current_weather_data_with_INVALID_CityName_and_StateCode_and_CountryCode"/>
</testsuite> <!-- com.currentweather.api.TC_API_0006_Get_current_weather_data_with_INVALID_CityName_and_StateCode_and_CountryCode -->
