<?xml version="1.0" encoding="UTF-8"?>
<!-- Generated by org.testng.reporters.JUnitReportReporter -->
<testsuite skipped="0" hostname="Locs-MacBook-Pro.local" name="com.currentweather.api.TC_API_0006_Get_current_weather_data_with_INVALID_CityName_and_StateCode_and_CountryCode" tests="6" failures="0" timestamp="31 May 2021 04:31:02 GMT" time="0.602" errors="0">
  <testcase name="TC_API_0006_Get_current_weather_data_with_INVALID_CityName_and_StateCode_and_CountryCode" time="0.093" classname="com.currentweather.api.TC_API_0006_Get_current_weather_data_with_INVALID_CityName_and_StateCode_and_CountryCode"/>
  <testcase name="TC_API_0006_Get_current_weather_data_with_INVALID_CityName_and_StateCode_and_CountryCode" time="0.108" classname="com.currentweather.api.TC_API_0006_Get_current_weather_data_with_INVALID_CityName_and_StateCode_and_CountryCode"/>
  <testcase name="TC_API_0006_Get_current_weather_data_with_INVALID_CityName_and_StateCode_and_CountryCode" time="0.155" classname="com.currentweather.api.TC_API_0006_Get_current_weather_data_with_INVALID_CityName_and_StateCode_and_CountryCode"/>
  <testcase name="TC_API_0006_Get_current_weather_data_with_INVALID_CityName_and_StateCode_and_CountryCode" time="0.091" classname="com.currentweather.api.TC_API_0006_Get_current_weather_data_with_INVALID_CityName_and_StateCode_and_CountryCode"/>
  <testcase name="TC_API_0006_Get_current_weather_data_with_INVALID_CityName_and_StateCode_and_CountryCode" time="0.077" classname="com.currentweather.api.TC_API_0006_Get_current_weather_data_with_INVALID_CityName_and_StateCode_and_CountryCode"/>
  <testcase name="TC_API_0006_Get_current_weather_data_with_INVALID_CityName_and_StateCode_and_CountryCode" time="0.078" classname="com.currentweather.api.TC_API_0006_Get_current_weather_data_with_INVALID_CityName_and_StateCode_and_CountryCode"/>
</testsuite> <!-- com.currentweather.api.TC_API_0006_Get_current_weather_data_with_INVALID_CityName_and_StateCode_and_CountryCode -->
