<?xml version="1.0" encoding="UTF-8"?>
<!-- Generated by org.testng.reporters.JUnitReportReporter -->
<testsuite skipped="0" hostname="Locs-MacBook-Pro.local" name="com.currentweather.api.TC_API_0001_Get_current_weather_data_with_VALID_CityName" tests="4" failures="0" timestamp="30 May 2021 15:05:10 GMT" time="4.563" errors="0">
  <testcase name="TC_API_0001_ValidCase__Get_current_data_by_CityName" time="0.264" classname="com.currentweather.api.TC_API_0001_Get_current_weather_data_with_VALID_CityName"/>
  <testcase name="TC_API_0001_ValidCase__Get_current_data_by_CityName" time="3.642" classname="com.currentweather.api.TC_API_0001_Get_current_weather_data_with_VALID_CityName"/>
  <testcase name="TC_API_0001_ValidCase__Get_current_data_by_CityName" time="0.420" classname="com.currentweather.api.TC_API_0001_Get_current_weather_data_with_VALID_CityName"/>
  <testcase name="TC_API_0001_ValidCase__Get_current_data_by_CityName" time="0.237" classname="com.currentweather.api.TC_API_0001_Get_current_weather_data_with_VALID_CityName"/>
</testsuite> <!-- com.currentweather.api.TC_API_0001_Get_current_weather_data_with_VALID_CityName -->
