<?xml version="1.0" encoding="UTF-8"?>
<!-- Generated by org.testng.reporters.JUnitReportReporter -->
<testsuite skipped="0" hostname="Locs-MacBook-Pro.local" name="com.currentweather.api.TC_API_0005_Get_current_weather_data_with_VALID_CityName_and_StateCode_and_CountryCode" tests="6" failures="0" timestamp="31 May 2021 04:31:02 GMT" time="1.323" errors="0">
  <testcase name="TC_API_0005_Get_current_weather_data_with_VALID_CityName_and_StateCode_and_CountryCode" time="0.205" classname="com.currentweather.api.TC_API_0005_Get_current_weather_data_with_VALID_CityName_and_StateCode_and_CountryCode"/>
  <testcase name="TC_API_0005_Get_current_weather_data_with_VALID_CityName_and_StateCode_and_CountryCode" time="0.186" classname="com.currentweather.api.TC_API_0005_Get_current_weather_data_with_VALID_CityName_and_StateCode_and_CountryCode"/>
  <testcase name="TC_API_0005_Get_current_weather_data_with_VALID_CityName_and_StateCode_and_CountryCode" time="0.270" classname="com.currentweather.api.TC_API_0005_Get_current_weather_data_with_VALID_CityName_and_StateCode_and_CountryCode"/>
  <testcase name="TC_API_0005_Get_current_weather_data_with_VALID_CityName_and_StateCode_and_CountryCode" time="0.203" classname="com.currentweather.api.TC_API_0005_Get_current_weather_data_with_VALID_CityName_and_StateCode_and_CountryCode"/>
  <testcase name="TC_API_0005_Get_current_weather_data_with_VALID_CityName_and_StateCode_and_CountryCode" time="0.253" classname="com.currentweather.api.TC_API_0005_Get_current_weather_data_with_VALID_CityName_and_StateCode_and_CountryCode"/>
  <testcase name="TC_API_0005_Get_current_weather_data_with_VALID_CityName_and_StateCode_and_CountryCode" time="0.206" classname="com.currentweather.api.TC_API_0005_Get_current_weather_data_with_VALID_CityName_and_StateCode_and_CountryCode"/>
</testsuite> <!-- com.currentweather.api.TC_API_0005_Get_current_weather_data_with_VALID_CityName_and_StateCode_and_CountryCode -->
