<?xml version="1.0" encoding="UTF-8"?>
<!-- Generated by org.testng.reporters.JUnitReportReporter -->
<testsuite skipped="0" hostname="Locs-MacBook-Pro.local" name="com.currentweather.api.TC_API_0002_Get_current_weather_data_with_INVALID_CityName" tests="6" failures="0" timestamp="30 May 2021 15:05:10 GMT" time="0.667" errors="0">
  <testcase name="TC_API_0002_InvalidCase__Get_current_data_by_CityName" time="0.113" classname="com.currentweather.api.TC_API_0002_Get_current_weather_data_with_INVALID_CityName"/>
  <testcase name="TC_API_0002_InvalidCase__Get_current_data_by_CityName" time="0.118" classname="com.currentweather.api.TC_API_0002_Get_current_weather_data_with_INVALID_CityName"/>
  <testcase name="TC_API_0002_InvalidCase__Get_current_data_by_CityName" time="0.107" classname="com.currentweather.api.TC_API_0002_Get_current_weather_data_with_INVALID_CityName"/>
  <testcase name="TC_API_0002_InvalidCase__Get_current_data_by_CityName" time="0.099" classname="com.currentweather.api.TC_API_0002_Get_current_weather_data_with_INVALID_CityName"/>
  <testcase name="TC_API_0002_InvalidCase__Get_current_data_by_CityName" time="0.132" classname="com.currentweather.api.TC_API_0002_Get_current_weather_data_with_INVALID_CityName"/>
  <testcase name="TC_API_0002_InvalidCase__Get_current_data_by_CityName" time="0.098" classname="com.currentweather.api.TC_API_0002_Get_current_weather_data_with_INVALID_CityName"/>
</testsuite> <!-- com.currentweather.api.TC_API_0002_Get_current_weather_data_with_INVALID_CityName -->
