<?xml version="1.0" encoding="UTF-8"?>
<!-- Generated by org.testng.reporters.JUnitReportReporter -->
<testsuite skipped="0" hostname="Locs-MacBook-Pro.local" name="com.currentweather.api.TC_API_0005_Get_current_weather_data_with_VALID_CityName_and_StateCode_and_CountryCode" tests="6" failures="0" timestamp="30 May 2021 15:05:10 GMT" time="1.325" errors="0">
  <testcase name="TC_API_0005_ValidCase__Get_current_data_by_CityName_and_StateCode_and_CountryCode" time="0.190" classname="com.currentweather.api.TC_API_0005_Get_current_weather_data_with_VALID_CityName_and_StateCode_and_CountryCode"/>
  <testcase name="TC_API_0005_ValidCase__Get_current_data_by_CityName_and_StateCode_and_CountryCode" time="0.210" classname="com.currentweather.api.TC_API_0005_Get_current_weather_data_with_VALID_CityName_and_StateCode_and_CountryCode"/>
  <testcase name="TC_API_0005_ValidCase__Get_current_data_by_CityName_and_StateCode_and_CountryCode" time="0.226" classname="com.currentweather.api.TC_API_0005_Get_current_weather_data_with_VALID_CityName_and_StateCode_and_CountryCode"/>
  <testcase name="TC_API_0005_ValidCase__Get_current_data_by_CityName_and_StateCode_and_CountryCode" time="0.207" classname="com.currentweather.api.TC_API_0005_Get_current_weather_data_with_VALID_CityName_and_StateCode_and_CountryCode"/>
  <testcase name="TC_API_0005_ValidCase__Get_current_data_by_CityName_and_StateCode_and_CountryCode" time="0.279" classname="com.currentweather.api.TC_API_0005_Get_current_weather_data_with_VALID_CityName_and_StateCode_and_CountryCode"/>
  <testcase name="TC_API_0005_ValidCase__Get_current_data_by_CityName_and_StateCode_and_CountryCode" time="0.213" classname="com.currentweather.api.TC_API_0005_Get_current_weather_data_with_VALID_CityName_and_StateCode_and_CountryCode"/>
</testsuite> <!-- com.currentweather.api.TC_API_0005_Get_current_weather_data_with_VALID_CityName_and_StateCode_and_CountryCode -->
