<?xml version="1.0" encoding="UTF-8"?>
<!-- Generated by org.testng.reporters.JUnitReportReporter -->
<testsuite skipped="0" hostname="Locs-MacBook-Pro.local" name="com.currentweather.api.TC_API_0003_Get_current_weather_data_with_VALID_CityName_and_StateCode" tests="5" failures="0" timestamp="31 May 2021 04:31:02 GMT" time="1.244" errors="0">
  <testcase name="TC_API_0003_Get_current_weather_data_with_VALID_CityName_and_StateCode" time="0.247" classname="com.currentweather.api.TC_API_0003_Get_current_weather_data_with_VALID_CityName_and_StateCode"/>
  <testcase name="TC_API_0003_Get_current_weather_data_with_VALID_CityName_and_StateCode" time="0.283" classname="com.currentweather.api.TC_API_0003_Get_current_weather_data_with_VALID_CityName_and_StateCode"/>
  <testcase name="TC_API_0003_Get_current_weather_data_with_VALID_CityName_and_StateCode" time="0.202" classname="com.currentweather.api.TC_API_0003_Get_current_weather_data_with_VALID_CityName_and_StateCode"/>
  <testcase name="TC_API_0003_Get_current_weather_data_with_VALID_CityName_and_StateCode" time="0.250" classname="com.currentweather.api.TC_API_0003_Get_current_weather_data_with_VALID_CityName_and_StateCode"/>
  <testcase name="TC_API_0003_Get_current_weather_data_with_VALID_CityName_and_StateCode" time="0.262" classname="com.currentweather.api.TC_API_0003_Get_current_weather_data_with_VALID_CityName_and_StateCode"/>
</testsuite> <!-- com.currentweather.api.TC_API_0003_Get_current_weather_data_with_VALID_CityName_and_StateCode -->
