<?xml version="1.0" encoding="UTF-8"?>
<!-- Generated by org.testng.reporters.JUnitReportReporter -->
<testsuite skipped="0" hostname="Locs-MacBook-Pro.local" name="com.currentweather.api.TC_API_0002_Get_current_weather_data_with_INVALID_CityName" tests="6" failures="0" timestamp="31 May 2021 04:31:02 GMT" time="0.715" errors="0">
  <testcase name="TC_API_0002_Get_current_weather_data_with_INVALID_CityName" time="0.116" classname="com.currentweather.api.TC_API_0002_Get_current_weather_data_with_INVALID_CityName"/>
  <testcase name="TC_API_0002_Get_current_weather_data_with_INVALID_CityName" time="0.113" classname="com.currentweather.api.TC_API_0002_Get_current_weather_data_with_INVALID_CityName"/>
  <testcase name="TC_API_0002_Get_current_weather_data_with_INVALID_CityName" time="0.106" classname="com.currentweather.api.TC_API_0002_Get_current_weather_data_with_INVALID_CityName"/>
  <testcase name="TC_API_0002_Get_current_weather_data_with_INVALID_CityName" time="0.111" classname="com.currentweather.api.TC_API_0002_Get_current_weather_data_with_INVALID_CityName"/>
  <testcase name="TC_API_0002_Get_current_weather_data_with_INVALID_CityName" time="0.171" classname="com.currentweather.api.TC_API_0002_Get_current_weather_data_with_INVALID_CityName"/>
  <testcase name="TC_API_0002_Get_current_weather_data_with_INVALID_CityName" time="0.098" classname="com.currentweather.api.TC_API_0002_Get_current_weather_data_with_INVALID_CityName"/>
</testsuite> <!-- com.currentweather.api.TC_API_0002_Get_current_weather_data_with_INVALID_CityName -->
